sight/build/intermediates/manifest_merge_blame_file/release/manifest-merger-blame-release-report.txt
1<?xml version="1.0" encoding="utf-8"?>
2<manifest xmlns:android="http://schemas.android.com/apk/res/android"
3    package="io.rong.sight" >
4
5    <uses-sdk
6        android:minSdkVersion="19"
6-->src/main/AndroidManifest.xml
7        android:targetSdkVersion="29" />
7-->src/main/AndroidManifest.xml
8
9    <application>
9-->src/main/AndroidManifest.xml:5:5-26:19
10        <activity
10-->src/main/AndroidManifest.xml:6:9-19:20
11            android:name="io.rong.sight.player.SightPlayerActivity"
11-->src/main/AndroidManifest.xml:7:13-68
12            android:exported="true"
12-->src/main/AndroidManifest.xml:9:13-36
13            android:hardwareAccelerated="true"
13-->src/main/AndroidManifest.xml:8:13-47
14            android:supportsRtl="true" >
14-->src/main/AndroidManifest.xml:10:13-39
15            <intent-filter>
15-->src/main/AndroidManifest.xml:11:13-18:29
16                <action android:name="android.intent.action.VIEW" />
16-->src/main/AndroidManifest.xml:12:17-69
16-->src/main/AndroidManifest.xml:12:25-66
17
18                <category android:name="android.intent.category.DEFAULT" />
18-->src/main/AndroidManifest.xml:13:17-76
18-->src/main/AndroidManifest.xml:13:27-73
19
20                <data
20-->src/main/AndroidManifest.xml:14:17-17:45
21                    android:host="${applicationId}"
21-->src/main/AndroidManifest.xml:15:21-52
22                    android:pathPrefix="/sight/player"
22-->src/main/AndroidManifest.xml:16:21-55
23                    android:scheme="rong" />
23-->src/main/AndroidManifest.xml:17:21-42
24            </intent-filter>
25        </activity>
26        <activity
26-->src/main/AndroidManifest.xml:20:9-22:52
27            android:name="io.rong.sight.player.SightListActivity"
27-->src/main/AndroidManifest.xml:21:13-66
28            android:screenOrientation="portrait" />
28-->src/main/AndroidManifest.xml:22:13-49
29        <activity
29-->src/main/AndroidManifest.xml:23:9-25:52
30            android:name="io.rong.sight.record.SightRecordActivity"
30-->src/main/AndroidManifest.xml:24:13-68
31            android:screenOrientation="portrait" />
31-->src/main/AndroidManifest.xml:25:13-49
32    </application>
33
34</manifest>